<?xml version="1.0" encoding="UTF-8"?>
<!-- Generated by org.testng.reporters.JUnitReportReporter -->
<testsuite skipped="0" hostname="LAPTOP-VFM9P8ED" name="com.crm.qa.testcases.LoginPageTest" tests="3" failures="0" timestamp="2020-04-26T18:06:01 IST" time="64.197" errors="0">
  <testcase name="loginPageTitleTest" time="17.140" classname="com.crm.qa.testcases.LoginPageTest"/>
  <testcase name="crmLogoImageTest" time="18.042" classname="com.crm.qa.testcases.LoginPageTest"/>
  <testcase name="loginTest" time="29.015" classname="com.crm.qa.testcases.LoginPageTest"/>
</testsuite> <!-- com.crm.qa.testcases.LoginPageTest -->
