<?xml version="1.0" encoding="UTF-8"?>
<!-- Generated by org.testng.reporters.JUnitReportReporter -->
<testsuite skipped="0" hostname="LAPTOP-VFM9P8ED" name="com.crm.qa.testcases.LoginPageTest" tests="3" failures="0" timestamp="2020-04-22T16:54:26 IST" time="66.669" errors="0">
  <testcase name="loginPageTitleTest" time="16.572" classname="com.crm.qa.testcases.LoginPageTest"/>
  <testcase name="crmLogoImageTest" time="24.936" classname="com.crm.qa.testcases.LoginPageTest"/>
  <testcase name="loginTest" time="25.161" classname="com.crm.qa.testcases.LoginPageTest"/>
</testsuite> <!-- com.crm.qa.testcases.LoginPageTest -->
