<?xml version="1.0" encoding="UTF-8"?>
<!-- Generated by org.testng.reporters.JUnitReportReporter -->
<testsuite skipped="0" hostname="LAPTOP-VFM9P8ED" name="com.crm.qa.testcases.LoginPageTest" tests="3" failures="0" timestamp="2020-04-25T00:42:06 IST" time="89.408" errors="0">
  <testcase name="loginPageTitleTest" time="25.889" classname="com.crm.qa.testcases.LoginPageTest"/>
  <testcase name="crmLogoImageTest" time="23.887" classname="com.crm.qa.testcases.LoginPageTest"/>
  <testcase name="loginTest" time="39.632" classname="com.crm.qa.testcases.LoginPageTest"/>
</testsuite> <!-- com.crm.qa.testcases.LoginPageTest -->
