<?xml version="1.0" encoding="UTF-8"?>
<!-- Generated by org.testng.reporters.JUnitReportReporter -->
<testsuite skipped="0" hostname="LAPTOP-VFM9P8ED" name="com.crm.qa.testcases.LoginPageTest" tests="3" failures="0" timestamp="2020-04-26T18:29:57 IST" time="95.894" errors="0">
  <testcase name="loginPageTitleTest" time="26.595" classname="com.crm.qa.testcases.LoginPageTest"/>
  <testcase name="crmLogoImageTest" time="42.343" classname="com.crm.qa.testcases.LoginPageTest"/>
  <testcase name="loginTest" time="26.956" classname="com.crm.qa.testcases.LoginPageTest"/>
</testsuite> <!-- com.crm.qa.testcases.LoginPageTest -->
